Analysis & Synthesis report for stopwatch
Mon Nov 28 11:10:06 2022
Quartus II Version 11.0 Build 208 07/03/2011 Service Pack 1 SJ Web Edition


---------------------
; Table of Contents ;
---------------------
  1. Legal Notice
  2. Analysis & Synthesis Summary
  3. Analysis & Synthesis Settings
  4. Parallel Compilation
  5. Analysis & Synthesis Source Files Read
  6. Analysis & Synthesis Resource Usage Summary
  7. Analysis & Synthesis Resource Utilization by Entity
  8. Registers Removed During Synthesis
  9. General Register Statistics
 10. Multiplexer Restructuring Statistics (Restructuring Performed)
 11. Elapsed Time Per Partition
 12. Analysis & Synthesis Messages



----------------
; Legal Notice ;
----------------
Copyright (C) 1991-2011 Altera Corporation
Your use of Altera Corporation's design tools, logic functions 
and other software and tools, and its AMPP partner logic 
functions, and any output files from any of the foregoing 
(including device programming or simulation files), and any 
associated documentation or information are expressly subject 
to the terms and conditions of the Altera Program License 
Subscription Agreement, Altera MegaCore Function License 
Agreement, or other applicable license agreement, including, 
without limitation, that your use is for the sole purpose of 
programming logic devices manufactured by Altera and sold by 
Altera or its authorized distributors.  Please refer to the 
applicable agreement for further details.



+-----------------------------------------------------------------------------+
; Analysis & Synthesis Summary                                                ;
+-----------------------------+-----------------------------------------------+
; Analysis & Synthesis Status ; Successful - Mon Nov 28 11:10:06 2022         ;
; Quartus II Version          ; 11.0 Build 208 07/03/2011 SP 1 SJ Web Edition ;
; Revision Name               ; stopwatch                                     ;
; Top-level Entity Name       ; stopwatch                                     ;
; Family                      ; Cyclone                                       ;
; Total logic elements        ; 391                                           ;
; Total pins                  ; 66                                            ;
; Total virtual pins          ; 0                                             ;
; Total memory bits           ; 0                                             ;
; Total PLLs                  ; 0                                             ;
+-----------------------------+-----------------------------------------------+


+----------------------------------------------------------------------------------------------------------------------+
; Analysis & Synthesis Settings                                                                                        ;
+----------------------------------------------------------------------------+--------------------+--------------------+
; Option                                                                     ; Setting            ; Default Value      ;
+----------------------------------------------------------------------------+--------------------+--------------------+
; Device                                                                     ; EP1C4F324C8        ;                    ;
; Top-level entity name                                                      ; stopwatch          ; stopwatch          ;
; Family name                                                                ; Cyclone            ; Cyclone IV GX      ;
; Use smart compilation                                                      ; Off                ; Off                ;
; Enable parallel Assembler and TimeQuest Timing Analyzer during compilation ; On                 ; On                 ;
; Enable compact report table                                                ; Off                ; Off                ;
; Restructure Multiplexers                                                   ; Auto               ; Auto               ;
; Create Debugging Nodes for IP Cores                                        ; Off                ; Off                ;
; Preserve fewer node names                                                  ; On                 ; On                 ;
; Disable OpenCore Plus hardware evaluation                                  ; Off                ; Off                ;
; Verilog Version                                                            ; Verilog_2001       ; Verilog_2001       ;
; VHDL Version                                                               ; VHDL_1993          ; VHDL_1993          ;
; State Machine Processing                                                   ; Auto               ; Auto               ;
; Safe State Machine                                                         ; Off                ; Off                ;
; Extract Verilog State Machines                                             ; On                 ; On                 ;
; Extract VHDL State Machines                                                ; On                 ; On                 ;
; Ignore Verilog initial constructs                                          ; Off                ; Off                ;
; Iteration limit for constant Verilog loops                                 ; 5000               ; 5000               ;
; Iteration limit for non-constant Verilog loops                             ; 250                ; 250                ;
; Add Pass-Through Logic to Inferred RAMs                                    ; On                 ; On                 ;
; Parallel Synthesis                                                         ; On                 ; On                 ;
; NOT Gate Push-Back                                                         ; On                 ; On                 ;
; Power-Up Don't Care                                                        ; On                 ; On                 ;
; Remove Redundant Logic Cells                                               ; Off                ; Off                ;
; Remove Duplicate Registers                                                 ; On                 ; On                 ;
; Ignore CARRY Buffers                                                       ; Off                ; Off                ;
; Ignore CASCADE Buffers                                                     ; Off                ; Off                ;
; Ignore GLOBAL Buffers                                                      ; Off                ; Off                ;
; Ignore ROW GLOBAL Buffers                                                  ; Off                ; Off                ;
; Ignore LCELL Buffers                                                       ; Off                ; Off                ;
; Ignore SOFT Buffers                                                        ; On                 ; On                 ;
; Limit AHDL Integers to 32 Bits                                             ; Off                ; Off                ;
; Optimization Technique                                                     ; Balanced           ; Balanced           ;
; Carry Chain Length                                                         ; 70                 ; 70                 ;
; Auto Carry Chains                                                          ; On                 ; On                 ;
; Auto Open-Drain Pins                                                       ; On                 ; On                 ;
; Perform WYSIWYG Primitive Resynthesis                                      ; Off                ; Off                ;
; Auto ROM Replacement                                                       ; On                 ; On                 ;
; Auto RAM Replacement                                                       ; On                 ; On                 ;
; Auto Shift Register Replacement                                            ; Auto               ; Auto               ;
; Allow Shift Register Merging across Hierarchies                            ; Auto               ; Auto               ;
; Auto Clock Enable Replacement                                              ; On                 ; On                 ;
; Strict RAM Replacement                                                     ; Off                ; Off                ;
; Allow Synchronous Control Signals                                          ; On                 ; On                 ;
; Force Use of Synchronous Clear Signals                                     ; Off                ; Off                ;
; Auto RAM Block Balancing                                                   ; On                 ; On                 ;
; Auto RAM to Logic Cell Conversion                                          ; Off                ; Off                ;
; Auto Resource Sharing                                                      ; Off                ; Off                ;
; Allow Any RAM Size For Recognition                                         ; Off                ; Off                ;
; Allow Any ROM Size For Recognition                                         ; Off                ; Off                ;
; Allow Any Shift Register Size For Recognition                              ; Off                ; Off                ;
; Use LogicLock Constraints during Resource Balancing                        ; On                 ; On                 ;
; Ignore translate_off and synthesis_off directives                          ; Off                ; Off                ;
; Report Parameter Settings                                                  ; On                 ; On                 ;
; Report Source Assignments                                                  ; On                 ; On                 ;
; Report Connectivity Checks                                                 ; On                 ; On                 ;
; Ignore Maximum Fan-Out Assignments                                         ; Off                ; Off                ;
; Synchronization Register Chain Length                                      ; 2                  ; 2                  ;
; PowerPlay Power Optimization                                               ; Normal compilation ; Normal compilation ;
; HDL message level                                                          ; Level2             ; Level2             ;
; Suppress Register Optimization Related Messages                            ; Off                ; Off                ;
; Number of Removed Registers Reported in Synthesis Report                   ; 5000               ; 5000               ;
; Number of Inverted Registers Reported in Synthesis Report                  ; 100                ; 100                ;
; Clock MUX Protection                                                       ; On                 ; On                 ;
; Block Design Naming                                                        ; Auto               ; Auto               ;
; Synthesis Effort                                                           ; Auto               ; Auto               ;
; Shift Register Replacement - Allow Asynchronous Clear Signal               ; On                 ; On                 ;
; Analysis & Synthesis Message Level                                         ; Medium             ; Medium             ;
; Disable Register Merging Across Hierarchies                                ; Auto               ; Auto               ;
; Resource Aware Inference For Block RAM                                     ; On                 ; On                 ;
; Synthesis Seed                                                             ; 1                  ; 1                  ;
+----------------------------------------------------------------------------+--------------------+--------------------+


Parallel compilation was disabled, but you have multiple processors available. Enable parallel compilation to reduce compilation time.
+-------------------------------------+
; Parallel Compilation                ;
+----------------------------+--------+
; Processors                 ; Number ;
+----------------------------+--------+
; Number detected on machine ; 8      ;
; Maximum allowed            ; 1      ;
+----------------------------+--------+


+---------------------------------------------------------------------------------------------------------------------------------------+
; Analysis & Synthesis Source Files Read                                                                                                ;
+----------------------------------+-----------------+------------------------+---------------------------------------------------------+
; File Name with User-Entered Path ; Used in Netlist ; File Type              ; File Name with Absolute Path                            ;
+----------------------------------+-----------------+------------------------+---------------------------------------------------------+
; 6count.v                         ; yes             ; User Verilog HDL File  ; C:/Users/user/Downloads/stopwatch/stopwatch/6count.v    ;
; clkdiv.v                         ; yes             ; User Verilog HDL File  ; C:/Users/user/Downloads/stopwatch/stopwatch/clkdiv.v    ;
; count10.v                        ; yes             ; User Verilog HDL File  ; C:/Users/user/Downloads/stopwatch/stopwatch/count10.v   ;
; d_count.v                        ; yes             ; User Verilog HDL File  ; C:/Users/user/Downloads/stopwatch/stopwatch/d_count.v   ;
; stopwatch.v                      ; yes             ; User Verilog HDL File  ; C:/Users/user/Downloads/stopwatch/stopwatch/stopwatch.v ;
; lap.v                            ; yes             ; User Verilog HDL File  ; C:/Users/user/Downloads/stopwatch/stopwatch/lap.v       ;
; led_d.v                          ; yes             ; User Verilog HDL File  ; C:/Users/user/Downloads/stopwatch/stopwatch/led_d.v     ;
; mux.v                            ; yes             ; User Verilog HDL File  ; C:/Users/user/Downloads/stopwatch/stopwatch/mux.v       ;
; seg7.v                           ; yes             ; User Verilog HDL File  ; C:/Users/user/Downloads/stopwatch/stopwatch/seg7.v      ;
; sw_inf.v                         ; yes             ; User Verilog HDL File  ; C:/Users/user/Downloads/stopwatch/stopwatch/sw_inf.v    ;
+----------------------------------+-----------------+------------------------+---------------------------------------------------------+


+--------------------------------------------------------------------+
; Analysis & Synthesis Resource Usage Summary                        ;
+---------------------------------------------+----------------------+
; Resource                                    ; Usage                ;
+---------------------------------------------+----------------------+
; Total logic elements                        ; 391                  ;
;     -- Combinational with no register       ; 252                  ;
;     -- Register only                        ; 30                   ;
;     -- Combinational with a register        ; 109                  ;
;                                             ;                      ;
; Logic element usage by number of LUT inputs ;                      ;
;     -- 4 input functions                    ; 202                  ;
;     -- 3 input functions                    ; 80                   ;
;     -- 2 input functions                    ; 35                   ;
;     -- 1 input functions                    ; 43                   ;
;     -- 0 input functions                    ; 1                    ;
;                                             ;                      ;
; Logic elements by mode                      ;                      ;
;     -- normal mode                          ; 360                  ;
;     -- arithmetic mode                      ; 31                   ;
;     -- qfbk mode                            ; 0                    ;
;     -- register cascade mode                ; 0                    ;
;     -- synchronous clear/load mode          ; 34                   ;
;     -- asynchronous clear/load mode         ; 23                   ;
;                                             ;                      ;
; Total registers                             ; 139                  ;
; Total logic cells in carry chains           ; 36                   ;
; I/O pins                                    ; 66                   ;
; Maximum fan-out node                        ; sw_inf:sw_inf_t|mode ;
; Maximum fan-out                             ; 96                   ;
; Total fan-out                               ; 1490                 ;
; Average fan-out                             ; 3.26                 ;
+---------------------------------------------+----------------------+


+--------------------------------------------------------------------------------------------------------------------------------------------------------------------------------------------------------------------------------+
; Analysis & Synthesis Resource Utilization by Entity                                                                                                                                                                            ;
+----------------------------+-------------+--------------+-------------+------+--------------+--------------+-------------------+------------------+-----------------+------------+------------------------------+--------------+
; Compilation Hierarchy Node ; Logic Cells ; LC Registers ; Memory Bits ; Pins ; Virtual Pins ; LUT-Only LCs ; Register-Only LCs ; LUT/Register LCs ; Carry Chain LCs ; Packed LCs ; Full Hierarchy Name          ; Library Name ;
+----------------------------+-------------+--------------+-------------+------+--------------+--------------+-------------------+------------------+-----------------+------------+------------------------------+--------------+
; |stopwatch                 ; 391 (1)     ; 139          ; 0           ; 66   ; 0            ; 252 (1)      ; 30 (0)            ; 109 (0)          ; 36 (0)          ; 0 (0)      ; |stopwatch                   ;              ;
;    |clkdiv:testclkdiv|     ; 29 (29)     ; 21           ; 0           ; 0    ; 0            ; 8 (8)        ; 0 (0)             ; 21 (21)          ; 20 (20)         ; 0 (0)      ; |stopwatch|clkdiv:testclkdiv ;              ;
;    |count10:cnt10_1|       ; 4 (4)       ; 4            ; 0           ; 0    ; 0            ; 0 (0)        ; 0 (0)             ; 4 (4)            ; 0 (0)           ; 0 (0)      ; |stopwatch|count10:cnt10_1   ;              ;
;    |count10:cnt10_2|       ; 4 (4)       ; 4            ; 0           ; 0    ; 0            ; 0 (0)        ; 0 (0)             ; 4 (4)            ; 0 (0)           ; 0 (0)      ; |stopwatch|count10:cnt10_2   ;              ;
;    |count10:cnt10_3|       ; 4 (4)       ; 4            ; 0           ; 0    ; 0            ; 0 (0)        ; 0 (0)             ; 4 (4)            ; 0 (0)           ; 0 (0)      ; |stopwatch|count10:cnt10_3   ;              ;
;    |count10:cnt10_4|       ; 4 (4)       ; 4            ; 0           ; 0    ; 0            ; 0 (0)        ; 0 (0)             ; 4 (4)            ; 0 (0)           ; 0 (0)      ; |stopwatch|count10:cnt10_4   ;              ;
;    |count10:cnt10_5|       ; 4 (4)       ; 4            ; 0           ; 0    ; 0            ; 0 (0)        ; 0 (0)             ; 4 (4)            ; 0 (0)           ; 0 (0)      ; |stopwatch|count10:cnt10_5   ;              ;
;    |count6:cnt6_1|         ; 3 (3)       ; 3            ; 0           ; 0    ; 0            ; 0 (0)        ; 0 (0)             ; 3 (3)            ; 0 (0)           ; 0 (0)      ; |stopwatch|count6:cnt6_1     ;              ;
;    |d_count:dcnt|          ; 118 (118)   ; 47           ; 0           ; 0    ; 0            ; 71 (71)      ; 22 (22)           ; 25 (25)          ; 16 (16)         ; 0 (0)      ; |stopwatch|d_count:dcnt      ;              ;
;    |lap:s_lap|             ; 42 (42)     ; 42           ; 0           ; 0    ; 0            ; 0 (0)        ; 6 (6)             ; 36 (36)          ; 0 (0)           ; 0 (0)      ; |stopwatch|lap:s_lap         ;              ;
;    |led_d:led_driver|      ; 1 (1)       ; 0            ; 0           ; 0    ; 0            ; 1 (1)        ; 0 (0)             ; 0 (0)            ; 0 (0)           ; 0 (0)      ; |stopwatch|led_d:led_driver  ;              ;
;    |mux:d_mux|             ; 84 (84)     ; 0            ; 0           ; 0    ; 0            ; 84 (84)      ; 0 (0)             ; 0 (0)            ; 0 (0)           ; 0 (0)      ; |stopwatch|mux:d_mux         ;              ;
;    |seg7:dseg_1|           ; 7 (7)       ; 0            ; 0           ; 0    ; 0            ; 7 (7)        ; 0 (0)             ; 0 (0)            ; 0 (0)           ; 0 (0)      ; |stopwatch|seg7:dseg_1       ;              ;
;    |seg7:dseg_2|           ; 7 (7)       ; 0            ; 0           ; 0    ; 0            ; 7 (7)        ; 0 (0)             ; 0 (0)            ; 0 (0)           ; 0 (0)      ; |stopwatch|seg7:dseg_2       ;              ;
;    |seg7:dseg_3|           ; 7 (7)       ; 0            ; 0           ; 0    ; 0            ; 7 (7)        ; 0 (0)             ; 0 (0)            ; 0 (0)           ; 0 (0)      ; |stopwatch|seg7:dseg_3       ;              ;
;    |seg7:dseg_4|           ; 7 (7)       ; 0            ; 0           ; 0    ; 0            ; 7 (7)        ; 0 (0)             ; 0 (0)            ; 0 (0)           ; 0 (0)      ; |stopwatch|seg7:dseg_4       ;              ;
;    |seg7:dseg_5|           ; 7 (7)       ; 0            ; 0           ; 0    ; 0            ; 7 (7)        ; 0 (0)             ; 0 (0)            ; 0 (0)           ; 0 (0)      ; |stopwatch|seg7:dseg_5       ;              ;
;    |seg7:dseg_6|           ; 7 (7)       ; 0            ; 0           ; 0    ; 0            ; 7 (7)        ; 0 (0)             ; 0 (0)            ; 0 (0)           ; 0 (0)      ; |stopwatch|seg7:dseg_6       ;              ;
;    |seg7:seg_1|            ; 7 (7)       ; 0            ; 0           ; 0    ; 0            ; 7 (7)        ; 0 (0)             ; 0 (0)            ; 0 (0)           ; 0 (0)      ; |stopwatch|seg7:seg_1        ;              ;
;    |seg7:seg_2|            ; 7 (7)       ; 0            ; 0           ; 0    ; 0            ; 7 (7)        ; 0 (0)             ; 0 (0)            ; 0 (0)           ; 0 (0)      ; |stopwatch|seg7:seg_2        ;              ;
;    |seg7:seg_3|            ; 7 (7)       ; 0            ; 0           ; 0    ; 0            ; 7 (7)        ; 0 (0)             ; 0 (0)            ; 0 (0)           ; 0 (0)      ; |stopwatch|seg7:seg_3        ;              ;
;    |seg7:seg_4|            ; 7 (7)       ; 0            ; 0           ; 0    ; 0            ; 7 (7)        ; 0 (0)             ; 0 (0)            ; 0 (0)           ; 0 (0)      ; |stopwatch|seg7:seg_4        ;              ;
;    |seg7:seg_5|            ; 7 (7)       ; 0            ; 0           ; 0    ; 0            ; 7 (7)        ; 0 (0)             ; 0 (0)            ; 0 (0)           ; 0 (0)      ; |stopwatch|seg7:seg_5        ;              ;
;    |seg7:seg_6|            ; 7 (7)       ; 0            ; 0           ; 0    ; 0            ; 7 (7)        ; 0 (0)             ; 0 (0)            ; 0 (0)           ; 0 (0)      ; |stopwatch|seg7:seg_6        ;              ;
;    |sw_inf:sw_inf_t|       ; 9 (9)       ; 6            ; 0           ; 0    ; 0            ; 3 (3)        ; 2 (2)             ; 4 (4)            ; 0 (0)           ; 0 (0)      ; |stopwatch|sw_inf:sw_inf_t   ;              ;
+----------------------------+-------------+--------------+-------------+------+--------------+--------------+-------------------+------------------+-----------------+------------+------------------------------+--------------+
Note: For table entries with two numbers listed, the numbers in parentheses indicate the number of resources of the given type used by the specific entity alone. The numbers listed outside of parentheses indicate the total resources of the given type used by the specific entity and all of its sub-entities in the hierarchy.


+--------------------------------------------------------------------------------+
; Registers Removed During Synthesis                                             ;
+---------------------------------------+----------------------------------------+
; Register name                         ; Reason for Removal                     ;
+---------------------------------------+----------------------------------------+
; count6:cnt6_1|q[3]                    ; Stuck at GND due to stuck port data_in ;
; Total Number of Removed Registers = 1 ;                                        ;
+---------------------------------------+----------------------------------------+


+------------------------------------------------------+
; General Register Statistics                          ;
+----------------------------------------------+-------+
; Statistic                                    ; Value ;
+----------------------------------------------+-------+
; Total registers                              ; 139   ;
; Number of registers using Synchronous Clear  ; 20    ;
; Number of registers using Synchronous Load   ; 14    ;
; Number of registers using Asynchronous Clear ; 23    ;
; Number of registers using Asynchronous Load  ; 0     ;
; Number of registers using Clock Enable       ; 38    ;
; Number of registers using Preset             ; 0     ;
+----------------------------------------------+-------+


+---------------------------------------------------------------------------------------------------------------------------------------------------------------+
; Multiplexer Restructuring Statistics (Restructuring Performed)                                                                                                ;
+--------------------+-----------+---------------+----------------------+------------------------+---------------------------------+----------------------------+
; Multiplexer Inputs ; Bus Width ; Baseline Area ; Area if Restructured ; Saving if Restructured ; Registered                      ; Example Multiplexer Output ;
+--------------------+-----------+---------------+----------------------+------------------------+---------------------------------+----------------------------+
; 15:1               ; 4 bits    ; 40 LEs        ; 8 LEs                ; 32 LEs                 ; |stopwatch|d_count:dcnt|ms_r[0] ;                            ;
; 17:1               ; 4 bits    ; 44 LEs        ; 8 LEs                ; 36 LEs                 ; |stopwatch|d_count:dcnt|ms_l[0] ;                            ;
; 21:1               ; 4 bits    ; 56 LEs        ; 12 LEs               ; 44 LEs                 ; |stopwatch|d_count:dcnt|s_r[3]  ;                            ;
; 22:1               ; 4 bits    ; 56 LEs        ; 12 LEs               ; 44 LEs                 ; |stopwatch|d_count:dcnt|s_l[3]  ;                            ;
; 23:1               ; 4 bits    ; 60 LEs        ; 12 LEs               ; 48 LEs                 ; |stopwatch|d_count:dcnt|m_r[1]  ;                            ;
; 24:1               ; 4 bits    ; 64 LEs        ; 12 LEs               ; 52 LEs                 ; |stopwatch|d_count:dcnt|m_l[2]  ;                            ;
; 3:1                ; 42 bits   ; 84 LEs        ; 84 LEs               ; 0 LEs                  ; |stopwatch|mux:d_mux|m1[4]      ;                            ;
+--------------------+-----------+---------------+----------------------+------------------------+---------------------------------+----------------------------+


+-------------------------------+
; Elapsed Time Per Partition    ;
+----------------+--------------+
; Partition Name ; Elapsed Time ;
+----------------+--------------+
; Top            ; 00:00:00     ;
+----------------+--------------+


+-------------------------------+
; Analysis & Synthesis Messages ;
+-------------------------------+
Info: *******************************************************************
Info: Running Quartus II Analysis & Synthesis
    Info: Version 11.0 Build 208 07/03/2011 Service Pack 1 SJ Web Edition
    Info: Processing started: Mon Nov 28 11:10:05 2022
Info: Command: quartus_map --read_settings_files=on --write_settings_files=off stopwatch -c stopwatch
Warning: Parallel compilation is not licensed and has been disabled
Info: Found 1 design units, including 1 entities, in source file 6count.v
    Info: Found entity 1: count6
Info: Found 1 design units, including 1 entities, in source file clkdiv.v
    Info: Found entity 1: clkdiv
Info: Found 1 design units, including 1 entities, in source file count10.v
    Info: Found entity 1: count10
Info: Found 1 design units, including 1 entities, in source file d_count.v
    Info: Found entity 1: d_count
Info: Found 1 design units, including 1 entities, in source file stopwatch.v
    Info: Found entity 1: stopwatch
Info: Found 1 design units, including 1 entities, in source file lap.v
    Info: Found entity 1: lap
Info: Found 1 design units, including 1 entities, in source file led_d.v
    Info: Found entity 1: led_d
Warning: Entity "mux" obtained from "mux.v" instead of from Quartus II megafunction library
Info: Found 1 design units, including 1 entities, in source file mux.v
    Info: Found entity 1: mux
Info: Found 1 design units, including 1 entities, in source file seg7.v
    Info: Found entity 1: seg7
Info: Found 1 design units, including 1 entities, in source file sw_inf.v
    Info: Found entity 1: sw_inf
Info: Elaborating entity "stopwatch" for the top level hierarchy
Info: Elaborating entity "sw_inf" for hierarchy "sw_inf:sw_inf_t"
Info: Elaborating entity "clkdiv" for hierarchy "clkdiv:testclkdiv"
Info: Elaborating entity "count10" for hierarchy "count10:cnt10_1"
Info: Elaborating entity "count6" for hierarchy "count6:cnt6_1"
Info: Elaborating entity "seg7" for hierarchy "seg7:seg_1"
Info: Elaborating entity "lap" for hierarchy "lap:s_lap"
Info: Elaborating entity "mux" for hierarchy "mux:t_mux"
Warning (10235): Verilog HDL Always Construct warning at mux.v(26): variable "sel" is read inside the Always Construct but isn't in the Always Construct's Event Control
Warning (10235): Verilog HDL Always Construct warning at mux.v(28): variable "r1" is read inside the Always Construct but isn't in the Always Construct's Event Control
Warning (10235): Verilog HDL Always Construct warning at mux.v(29): variable "r2" is read inside the Always Construct but isn't in the Always Construct's Event Control
Warning (10235): Verilog HDL Always Construct warning at mux.v(30): variable "r3" is read inside the Always Construct but isn't in the Always Construct's Event Control
Warning (10235): Verilog HDL Always Construct warning at mux.v(31): variable "r4" is read inside the Always Construct but isn't in the Always Construct's Event Control
Warning (10235): Verilog HDL Always Construct warning at mux.v(32): variable "r5" is read inside the Always Construct but isn't in the Always Construct's Event Control
Warning (10235): Verilog HDL Always Construct warning at mux.v(33): variable "r6" is read inside the Always Construct but isn't in the Always Construct's Event Control
Warning (10235): Verilog HDL Always Construct warning at mux.v(37): variable "l1" is read inside the Always Construct but isn't in the Always Construct's Event Control
Warning (10235): Verilog HDL Always Construct warning at mux.v(38): variable "l2" is read inside the Always Construct but isn't in the Always Construct's Event Control
Warning (10235): Verilog HDL Always Construct warning at mux.v(39): variable "l3" is read inside the Always Construct but isn't in the Always Construct's Event Control
Warning (10235): Verilog HDL Always Construct warning at mux.v(40): variable "l4" is read inside the Always Construct but isn't in the Always Construct's Event Control
Warning (10235): Verilog HDL Always Construct warning at mux.v(41): variable "l5" is read inside the Always Construct but isn't in the Always Construct's Event Control
Warning (10235): Verilog HDL Always Construct warning at mux.v(42): variable "l6" is read inside the Always Construct but isn't in the Always Construct's Event Control
Info: Elaborating entity "led_d" for hierarchy "led_d:led_driver"
Info: Elaborating entity "d_count" for hierarchy "d_count:dcnt"
Info: Generating hard_block partition "hard_block:auto_generated_inst"
Info: Implemented 457 device resources after synthesis - the final resource count might be different
    Info: Implemented 15 input pins
    Info: Implemented 51 output pins
    Info: Implemented 391 logic cells
Info: Quartus II Analysis & Synthesis was successful. 0 errors, 15 warnings
    Info: Peak virtual memory: 285 megabytes
    Info: Processing ended: Mon Nov 28 11:10:06 2022
    Info: Elapsed time: 00:00:01
    Info: Total CPU time (on all processors): 00:00:01


